<?xml version="1.0" encoding="UTF-8"?>
<!-- Generated by org.testng.reporters.JUnitReportReporter -->
<testsuite hostname="DESKTOP-MKLVNFN" failures="0" tests="1" name="SumValidation" time="2.212" errors="0" timestamp="2024-06-25T19:23:22 IST" skipped="0">
  <testcase classname="SumValidation" name="sumOfCourses" time="2.212"/>
</testsuite> <!-- SumValidation -->
