<?xml version="1.0" encoding="UTF-8"?>
<!-- Generated by org.testng.reporters.JUnitReportReporter -->
<testsuite hostname="DESKTOP-MKLVNFN" failures="0" tests="3" name="DynamicJson" time="4.037" errors="0" timestamp="2024-06-17T17:19:35 IST" skipped="0">
  <testcase classname="DynamicJson" name="addBook" time="0.161"/>
  <testcase classname="DynamicJson" name="addBook" time="3.703"/>
  <testcase classname="DynamicJson" name="addBook" time="0.173"/>
</testsuite> <!-- DynamicJson -->
